<?xml version="1.0" encoding="UTF-8"?>
<!-- Generated by org.testng.reporters.JUnitReportReporter -->
<testsuite hostname="DESKTOP-JKJ6JR5" failures="0" tests="4" name="shops.Search" time="49.422" errors="0" timestamp="2021-03-14T13:00:48 GMT" skipped="0">
  <testcase classname="shops.Search" name="negativeSearchTest" time="9.446"/>
  <system-out/>
  <testcase classname="shops.Search" name="negativeSearchTest" time="19.068"/>
  <system-out/>
  <testcase classname="shops.Search" name="postiveSearchTest" time="10.388"/>
  <system-out/>
  <testcase classname="shops.Search" name="postiveSearchTest" time="10.520"/>
  <system-out/>
</testsuite> <!-- shops.Search -->
